(0000) 3000  0011000000000000 (   1)                 .ORIG x3000
(3000) 2006  0010000000000110 (   4)                 LD    R0 num
(3001) 2206  0010001000000110 (   5)                 LD    R1 times
(3002) 54A0  0101010010100000 (   6)                 AND   R2 R2 #0
(3003) 56E0  0101011011100000 (   7)                 AND   R3 R3 #0
(3004) 4805  0100100000000101 (   8)                 JSR   SHIFTR
(3005) 3003  0011000000000011 (   9)                 ST    R0 sol
(3006) F025  1111000000100101 (  10)                 TRAP  x25
(3007) 0078  0000000001111000 (  12) num             .FILL x0078
(3008) 0005  0000000000000101 (  13) times           .FILL x0005
(3009) 0000  0000000000000000 (  23) sol             .FILL x0000
(300A) 3014  0011000000010100 (  23) SHIFTR          ST    R0 guarsr1
(300B) 3414  0011010000010100 (  24)                 ST    R2 guarsr2
(300C) 3614  0011011000010100 (  25)                 ST    R3 guarsr3
(300D) 1660  0001011001100000 (  27)                 ADD   R3 R1 #0
(300E) 5260  0101001001100000 (  28)                 AND   R1 R1 #0
(300F) 54A0  0101010010100000 (  29)                 AND   R2 R2 #0
(3010) 1220  0001001000100000 (  33) shiftr1         ADD   R1 R0 #0
(3011) 127F  0001001001111111 (  34)                 ADD   R1 R1 #-1
(3012) 0C03  0000110000000011 (  35)                 BRNZ  step
(3013) 14A1  0001010010100001 (  37)                 ADD   R2 R2 #1
(3014) 103E  0001000000111110 (  38)                 ADD   R0 R0 #-2
(3015) 03FA  0000001111111010 (  40)                 BRP   shiftr1
(3016) 10A0  0001000010100000 (  43) step            ADD   R0 R2 #0
(3017) 54A0  0101010010100000 (  44)                 AND   R2 R2 #0
(3018) 5260  0101001001100000 (  45)                 AND   R1 R1 #0
(3019) 16FF  0001011011111111 (  46)                 ADD   R3 R3 #-1
(301A) 03F5  0000001111110101 (  47)                 BRP   shiftr1
(301B) 2203  0010001000000011 (  48)                 LD    R1 guarsr1
(301C) 2403  0010010000000011 (  49)                 LD    R2 guarsr2
(301D) 2603  0010011000000011 (  50)                 LD    R3 guarsr3
(301E) C1C0  1100000111000000 (  51)                 RET   
(301F) 0000  0000000000000000 (  54) guarsr1         .FILL x0000
(3020) 0000  0000000000000000 (  55) guarsr2         .FILL x0000
(3021) 0000  0000000000000000 (  57) guarsr3         .FILL x0000
