(0000) 3000  0011000000000000 (   1)                 .ORIG x3000
(3000) 2203  0010001000000011 (   5)                 LD    R1 N1X
(3001) 2403  0010010000000011 (   6)                 LD    R2 N2X
(3002) 4803  0100100000000011 (   7)                 JSR   DIVISION
(3003) F025  1111000000100101 (  10)                 TRAP  x25
(3004) 4B40  0100101101000000 (  11) N1X             .FILL x4B40
(3005) 4280  0100001010000000 (  12) N2X             .FILL x4280
(3006) E094  1110000010010100 (  19) DIVISION        LEA   R0 save
(3007) 7601  0111011000000001 (  20)                 STR   R3 R0 #1
(3008) 7802  0111100000000010 (  21)                 STR   R4 R0 #2
(3009) 7A03  0111101000000011 (  22)                 STR   R5 R0 #3
(300A) 7C04  0111110000000100 (  23)                 STR   R6 R0 #4
(300B) 7E05  0111111000000101 (  24)                 STR   R7 R0 #5
(300C) 5020  0101000000100000 (  28)                 AND   R0 R0 #0
(300D) 56E0  0101011011100000 (  29)                 AND   R3 R3 #0
(300E) 5920  0101100100100000 (  30)                 AND   R4 R4 #0
(300F) 5B60  0101101101100000 (  31)                 AND   R5 R5 #0
(3010) 5DA0  0101110110100000 (  32)                 AND   R6 R6 #0
(3011) 5FE0  0101111111100000 (  33)                 AND   R7 R7 #0
(3012) 329D  0011001010011101 (  35)                 ST    R1 N1
(3013) 349D  0011010010011101 (  36)                 ST    R2 N2
(3014) 2078  0010000001111000 (  38)                 LD    R0 signo
(3015) 5840  0101100001000000 (  39)                 AND   R4 R1 R0
(3016) 5A80  0101101010000000 (  40)                 AND   R5 R2 R0
(3017) 1105  0001000100000101 (  41)                 ADD   R0 R4 R5
(3018) 307E  0011000001111110 (  42)                 ST    R0 signoF
(3019) 2073  0010000001110011 (  44)                 LD    R0 signo
(301A) 903F  1001000000111111 (  45)                 NOT   R0 R0
(301B) 5840  0101100001000000 (  46)                 AND   R4 R1 R0
(301C) 3893  0011100010010011 (  47)                 ST    R4 N1
(301D) 5A80  0101101010000000 (  48)                 AND   R5 R2 R0
(301E) 3A92  0011101010010010 (  49)                 ST    R5 N2
(301F) 208C  0010000010001100 (  51)                 LD    R0 unoinv
(3020) 266B  0010011001101011 (  52)                 LD    R3 mantisa
(3021) 5843  0101100001000011 (  53)                 AND   R4 R1 R3
(3022) 1900  0001100100000000 (  54)                 ADD   R4 R4 R0
(3023) 386F  0011100001101111 (  55)                 ST    R4 MAN1
(3024) 5A83  0101101010000011 (  56)                 AND   R5 R2 R3
(3025) 1B40  0001101101000000 (  57)                 ADD   R5 R5 R0
(3026) 3A6D  0011101001101101 (  58)                 ST    R5 MAN2
(3027) 9B7F  1001101101111111 (  62)                 NOT   R5 R5
(3028) 1B61  0001101101100001 (  63)                 ADD   R5 R5 #1
(3029) 1B64  0001101101100100 (  64)                 ADD   R5 R5 #4
(302A) 0603  0000011000000011 (  65)                 BRZP  cambio
(302B) 5B60  0101101101100000 (  66)                 AND   R5 R5 #0
(302C) 1B61  0001101101100001 (  67)                 ADD   R5 R5 #1
(302D) 3A6A  0011101001101010 (  68)                 ST    R5 permit
(302E) 482D  0100100000101101 (  71) cambio          JSR   DIV
(302F) 265B  0010011001011011 (  73)                 LD    R3 expo
(3030) 227F  0010001001111111 (  74)                 LD    R1 N1
(3031) 247F  0010010001111111 (  75)                 LD    R2 N2
(3032) 5843  0101100001000011 (  76)                 AND   R4 R1 R3
(3033) 3880  0011100010000000 (  77)                 ST    R4 E1
(3034) 5A83  0101101010000011 (  78)                 AND   R5 R2 R3
(3035) 3A7F  0011101001111111 (  79)                 ST    R5 E2
(3036) 4881  0100100010000001 (  81)                 JSR   DESPLAZAMIENTO
(3037) 265A  0010011001011010 (  83)                 LD    R3 bias
(3038) 96FF  1001011011111111 (  84)                 NOT   R3 R3
(3039) 16E1  0001011011100001 (  85)                 ADD   R3 R3 #1
(303A) 2253  0010001001010011 (  87)                 LD    R1 exponentecorr
(303B) 2453  0010010001010011 (  88)                 LD    R2 exponentecorr2
(303C) 1843  0001100001000011 (  90)                 ADD   R4 R1 R3
(303D) 3852  0011100001010010 (  91)                 ST    R4 expobias1
(303E) 1A83  0001101010000011 (  92)                 ADD   R5 R2 R3
(303F) 2058  0010000001011000 (  93)                 LD    R0 permit
(3040) 0401  0000010000000001 (  94)                 BRZ   label
(3041) 1B61  0001101101100001 (  95)                 ADD   R5 R5 #1
(3042) 3A4E  0011101001001110 (  97) label           ST    R5 expobias2
(3043) 9B7F  1001101101111111 (  99)                 NOT   R5 R5
(3044) 1B61  0001101101100001 ( 100)                 ADD   R5 R5 #1
(3045) 1D05  0001110100000101 ( 102)                 ADD   R6 R4 R5
(3046) 264B  0010011001001011 ( 103)                 LD    R3 bias
(3047) 1D83  0001110110000011 ( 104)                 ADD   R6 R6 R3
(3048) 2640  0010011001000000 ( 105)                 LD    R3 DIEZ
(3049) 1D86  0001110110000110 ( 107) LACH            ADD   R6 R6 R6
(304A) 16FF  0001011011111111 ( 108)                 ADD   R3 R3 #-1
(304B) 0BFD  0000101111111101 ( 109)                 BRNP  LACH
(304C) 3C4C  0011110001001100 ( 111)                 ST    R6 expoF
(304D) 225D  0010001001011101 ( 112)                 LD    R1 DEC
(304E) 204A  0010000001001010 ( 113)                 LD    R0 expoF
(304F) 1040  0001000001000000 ( 114)                 ADD   R0 R1 R0
(3050) 2246  0010001001000110 ( 116)                 LD    R1 signoF
(3051) 1040  0001000001000000 ( 117)                 ADD   R0 R1 R0
(3052) 305C  0011000001011100 ( 119)                 ST    R0 Resultado
(3053) 225C  0010001001011100 ( 121)                 LD    R1 N1
(3054) 245C  0010010001011100 ( 122)                 LD    R2 N2
(3055) EC45  1110110001000101 ( 124)                 LEA   R6 save
(3056) 6781  0110011110000001 ( 125)                 LDR   R3 R6 #1
(3057) 6982  0110100110000010 ( 126)                 LDR   R4 R6 #2
(3058) 6B83  0110101110000011 ( 127)                 LDR   R5 R6 #3
(3059) 6F85  0110111110000101 ( 128)                 LDR   R7 R6 #5
(305A) 6D84  0110110110000100 ( 129)                 LDR   R6 R6 #4
(305B) C1C0  1100000111000000 ( 131)                 RET   
(305C) 3A45  0011101001000101 ( 136) DIV             ST    R5 saveR5
(305D) 3846  0011100001000110 ( 137)                 ST    R4 saveR4
(305E) 3646  0011011001000110 ( 138)                 ST    R3 saveR3
(305F) 3C46  0011110001000110 ( 139)                 ST    R6 saveR6
(3060) 3047  0011000001000111 ( 140)                 ST    R0 saveR0
(3061) 3245  0011001001000101 ( 141)                 ST    R1 saveR1
(3062) 3E46  0011111001000110 ( 142)                 ST    R7 saveR7
(3063) 282F  0010100000101111 ( 144)                 LD    R4 MAN1
(3064) 2A2F  0010101000101111 ( 145)                 LD    R5 MAN2
(3065) 5020  0101000000100000 ( 146)                 AND   R0 R0 #0
(3066) 5260  0101001001100000 ( 147)                 AND   R1 R1 #0
(3067) 1D60  0001110101100000 ( 148)                 ADD   R6 R5 #0
(3068) 202F  0010000000101111 ( 150)                 LD    R0 permit
(3069) 0401  0000010000000001 ( 151)                 BRZ   jh
(306A) 1904  0001100100000100 ( 152)                 ADD   R4 R4 R4
(306B) 1020  0001000000100000 ( 154) jh              ADD   R0 R0 #0
(306C) 9B7F  1001101101111111 ( 156)                 NOT   R5 R5
(306D) 1B61  0001101101100001 ( 157)                 ADD   R5 R5 #1
(306E) 1905  0001100100000101 ( 158)                 ADD   R4 R4 R5
(306F) 0602  0000011000000010 ( 159)                 BRZP  GO
(3070) 2A17  0010101000010111 ( 160)                 LD    R5 debajo
(3071) 1904  0001100100000100 ( 161)                 ADD   R4 R4 R4
(3072) 2616  0010011000010110 ( 164) GO              LD    R3 DIEZ
(3073) 16E1  0001011011100001 ( 165)                 ADD   R3 R3 #1
(3074) 040A  0000010000001010 ( 167) POLS            BRZ   salir
(3075) 1241  0001001001000001 ( 169)                 ADD   R1 R1 R1
(3076) 1105  0001000100000101 ( 170)                 ADD   R0 R4 R5
(3077) 0602  0000011000000010 ( 171)                 BRZP  correr
(3078) 1020  0001000000100000 ( 172)                 ADD   R0 R0 #0
(3079) 0E02  0000111000000010 ( 173)                 BRNZP juts
(307A) 1261  0001001001100001 ( 176) correr          ADD   R1 R1 #1
(307B) 1905  0001100100000101 ( 177)                 ADD   R4 R4 R5
(307C) 1904  0001100100000100 ( 179) juts            ADD   R4 R4 R4
(307D) 16FF  0001011011111111 ( 180)                 ADD   R3 R3 #-1
(307E) 0FF5  0000111111110101 ( 181)                 BRNZP POLS
(307F) 322B  0011001000101011 ( 184) salir           ST    R1 DEC
(3080) 2A21  0010101000100001 ( 185)                 LD    R5 saveR5
(3081) 2822  0010100000100010 ( 186)                 LD    R4 saveR4
(3082) 2622  0010011000100010 ( 187)                 LD    R3 saveR3
(3083) 2C22  0010110000100010 ( 188)                 LD    R6 saveR6
(3084) 2E24  0010111000100100 ( 189)                 LD    R7 saveR7
(3085) C1C0  1100000111000000 ( 190)                 RET   
(3086) 0400  0000010000000000 ( 192) MENOSUNO        .FILL x0400
(3087) 0005  0000000000000101 ( 193) CINCO           .FILL x0005
(3088) FC00  1111110000000000 ( 194) debajo          .FILL xFC00
(3089) 000A  0000000000001010 ( 195) DIEZ            .FILL x000A
(308A) 000F  0000000000001111 ( 196) QUINCE          .FILL x000F
(308B) 7C00  0111110000000000 ( 197) expo            .FILL x7C00
(308C) 03FF  0000001111111111 ( 198) mantisa         .FILL x03FF
(308D) 8000  1000000000000000 ( 199) signo           .FILL x8000
(308E) 0000  0000000000000000 ( 201) exponentecorr   .FILL x0000
(308F) 0000  0000000000000000 ( 202) exponentecorr2  .FILL x0000
(3090) 0000  0000000000000000 ( 203) expobias1       .FILL x0000
(3091) 0000  0000000000000000 ( 204) expobias2       .FILL x0000
(3092) 000F  0000000000001111 ( 204) bias            .FILL x000F
(3093) 0000  0000000000000000 ( 207) MAN1            .FILL x0000
(3094) 0000  0000000000000000 ( 208) MAN2            .FILL x0000
(3095) 0000  0000000000000000 ( 209) S1              .FILL x0000
(3096) 0000  0000000000000000 ( 210) S2              .FILL x0000
(3097) 0000  0000000000000000 ( 211) signoF          .FILL x0000
(3098) 0000  0000000000000000 ( 213) permit          .FILL x0000
(3099) 0000  0000000000000000 ( 214) expoF           .FILL x0000
(309A) 0000  0000000000000000 ( 215) MF              .FILL x0000
(309B) 0000  0000000000000000 ( 216) save            .FILL x0000
(309C) 0000  0000000000000000 ( 216)                 .FILL x0000
(309D) 0000  0000000000000000 ( 216)                 .FILL x0000
(309E) 0000  0000000000000000 ( 216)                 .FILL x0000
(309F) 0000  0000000000000000 ( 216)                 .FILL x0000
(30A0) 0000  0000000000000000 ( 216)                 .FILL x0000
(30A1) 0000  0000000000000000 ( 216)                 .FILL x0000
(30A2) 0000  0000000000000000 ( 217) saveR5          .FILL x0000
(30A3) 0000  0000000000000000 ( 218) saveR2          .FILL x0000
(30A4) 0000  0000000000000000 ( 219) saveR4          .FILL x0000
(30A5) 0000  0000000000000000 ( 220) saveR3          .FILL x0000
(30A6) 0000  0000000000000000 ( 221) saveR6          .FILL x0000
(30A7) 0000  0000000000000000 ( 222) saveR1          .FILL x0000
(30A8) 0000  0000000000000000 ( 223) saveR0          .FILL x0000
(30A9) 0000  0000000000000000 ( 224) saveR7          .FILL x0000
(30AA) 0000  0000000000000000 ( 225) ENT             .FILL x0000
(30AB) 0000  0000000000000000 ( 226) DEC             .FILL x0000
(30AC) 0400  0000010000000000 ( 226) unoinv          .FILL x0400
(30AD) 07FF  0000011111111111 ( 228) JAH             .FILL x07FF
(30AE) 03FF  0000001111111111 ( 229) JAL             .FILL x03FF
(30AF) 0000  0000000000000000 ( 233) Resultado       .FILL x0000
(30B0) 0000  0000000000000000 ( 234) N1              .FILL x0000
(30B1) 0000  0000000000000000 ( 235) N2              .FILL x0000
(30B2) FFFF  1111111111111111 ( 235) OVERFLOW        .FILL xFFFF
(30B3) FFFF  1111111111111111 ( 236) ERR             .FILL xFFFF
(30B4) 0000  0000000000000000 ( 238) E1              .FILL x0000
(30B5) 0000  0000000000000000 ( 239) E2              .FILL x0000
(30B6) 21FC  0010000111111100 ( 240) ERROR           LD    R0 ERR
(30B7) F025  1111000000100101 ( 241)                 TRAP  x25
(30B8) 3BE9  0011101111101001 ( 244) DESPLAZAMIENTO  ST    R5 saveR5
(30B9) 3DEC  0011110111101100 ( 245)                 ST    R6 saveR6
(30BA) 39E9  0011100111101001 ( 246)                 ST    R4 saveR4
(30BB) 33EB  0011001111101011 ( 247)                 ST    R1 saveR1
(30BC) 35E6  0011010111100110 ( 248)                 ST    R2 saveR2
(30BD) 37E7  0011011111100111 ( 249)                 ST    R3 saveR3
(30BE) 3FE6  0011111111100110 ( 250)                 ST    R7 saveR3
(30BF) 5B60  0101101101100000 ( 252)                 AND   R5 R5 #0
(30C0) 5DA0  0101110110100000 ( 253)                 AND   R6 R6 #0
(30C1) 23F2  0010001111110010 ( 254)                 LD    R1 E1
(30C2) 29C4  0010100111000100 ( 255)                 LD    R4 CINCO
(30C3) 1241  0001001001000001 ( 257) LOPO            ADD   R1 R1 R1
(30C4) 0802  0000100000000010 ( 258)                 BRN   sumauno
(30C5) 1260  0001001001100000 ( 259)                 ADD   R1 R1 #0
(30C6) 0606  0000011000000110 ( 260)                 BRZP  sumacero
(30C7) 1B45  0001101101000101 ( 264) sumauno         ADD   R5 R5 R5
(30C8) 1B61  0001101101100001 ( 265)                 ADD   R5 R5 #1
(30C9) 193F  0001100100111111 ( 266)                 ADD   R4 R4 #-1
(30CA) 0BF8  0000101111111000 ( 267)                 BRNP  LOPO
(30CB) 1920  0001100100100000 ( 268)                 ADD   R4 R4 #0
(30CC) 0406  0000010000000110 ( 269)                 BRZ   CORR
(30CD) 1B45  0001101101000101 ( 273) sumacero        ADD   R5 R5 R5
(30CE) 1B60  0001101101100000 ( 274)                 ADD   R5 R5 #0
(30CF) 193F  0001100100111111 ( 275)                 ADD   R4 R4 #-1
(30D0) 0BF2  0000101111110010 ( 276)                 BRNP  LOPO
(30D1) 1920  0001100100100000 ( 277)                 ADD   R4 R4 #0
(30D2) 0400  0000010000000000 ( 278)                 BRZ   CORR
(30D3) 5260  0101001001100000 ( 281) CORR            AND   R1 R1 #0
(30D4) 5245  0101001001000101 ( 282)                 AND   R1 R1 R5
(30D5) 33B8  0011001110111000 ( 283)                 ST    R1 exponentecorr
(30D6) 5020  0101000000100000 ( 285)                 AND   R0 R0 #0
(30D7) 5260  0101001001100000 ( 286)                 AND   R1 R1 #0
(30D8) 54A0  0101010010100000 ( 287)                 AND   R2 R2 #0
(30D9) 56E0  0101011011100000 ( 288)                 AND   R3 R3 #0
(30DA) 5920  0101100100100000 ( 289)                 AND   R4 R4 #0
(30DB) 5B60  0101101101100000 ( 290)                 AND   R5 R5 #0
(30DC) 5DA0  0101110110100000 ( 291)                 AND   R6 R6 #0
(30DD) 25D7  0010010111010111 ( 293)                 LD    R2 E2
(30DE) 29A8  0010100110101000 ( 294)                 LD    R4 CINCO
(30DF) 1482  0001010010000010 ( 296) LOPO2           ADD   R2 R2 R2
(30E0) 0802  0000100000000010 ( 297)                 BRN   sumauno2
(30E1) 14A0  0001010010100000 ( 298)                 ADD   R2 R2 #0
(30E2) 0606  0000011000000110 ( 299)                 BRZP  sumacero2
(30E3) 1D86  0001110110000110 ( 303) sumauno2        ADD   R6 R6 R6
(30E4) 1DA1  0001110110100001 ( 304)                 ADD   R6 R6 #1
(30E5) 193F  0001100100111111 ( 305)                 ADD   R4 R4 #-1
(30E6) 0BF8  0000101111111000 ( 306)                 BRNP  LOPO2
(30E7) 1920  0001100100100000 ( 307)                 ADD   R4 R4 #0
(30E8) 0406  0000010000000110 ( 308)                 BRZ   corr2
(30E9) 1D86  0001110110000110 ( 312) sumacero2       ADD   R6 R6 R6
(30EA) 1DA0  0001110110100000 ( 313)                 ADD   R6 R6 #0
(30EB) 193F  0001100100111111 ( 314)                 ADD   R4 R4 #-1
(30EC) 0BF2  0000101111110010 ( 315)                 BRNP  LOPO2
(30ED) 1920  0001100100100000 ( 316)                 ADD   R4 R4 #0
(30EE) 0400  0000010000000000 ( 317)                 BRZ   corr2
(30EF) 54A0  0101010010100000 ( 321) corr2           AND   R2 R2 #0
(30F0) 5486  0101010010000110 ( 322)                 AND   R2 R2 R6
(30F1) 359D  0011010110011101 ( 323)                 ST    R2 exponentecorr2
(30F2) 2BAF  0010101110101111 ( 325)                 LD    R5 saveR5
(30F3) 2DB2  0010110110110010 ( 326)                 LD    R6 saveR6
(30F4) 29AF  0010100110101111 ( 327)                 LD    R4 saveR4
(30F5) 27AF  0010011110101111 ( 328)                 LD    R3 saveR3
(30F6) 25AC  0010010110101100 ( 329)                 LD    R2 saveR2
(30F7) 23AF  0010001110101111 ( 330)                 LD    R1 saveR1
(30F8) C1C0  1100000111000000 ( 331)                 RET   
