(0000) 3000  0011000000000000 (   9)                 .ORIG x3000
(3000) 5020  0101000000100000 (  10)                 AND   R0 R0 #0
(3001) 5260  0101001001100000 (  11)                 AND   R1 R1 #0
(3002) 54A0  0101010010100000 (  12)                 AND   R2 R2 #0
(3003) 5B60  0101101101100000 (  13)                 AND   R5 R5 #0
(3004) 5DA0  0101110110100000 (  14)                 AND   R6 R6 #0
(3005) 263C  0010011000111100 (  16)                 LD    R3 na
(3006) 283C  0010100000111100 (  17)                 LD    R4 nb
(3007) 5260  0101001001100000 (  18)                 AND   R1 R1 #0
(3008) 54A0  0101010010100000 (  19)                 AND   R2 R2 #0
(3009) 2A3C  0010101000111100 (  20)                 LD    R5 mascs
(300A) 5343  0101001101000011 (  21)                 AND   R1 R5 R3
(300B) 5544  0101010101000100 (  22)                 AND   R2 R5 R4
(300C) 483F  0100100000111111 (  24)                 JSR   XOR
(300D) 3036  0011000000110110 (  25)                 ST    R0 stt
(300E) 2A38  0010101000111000 (  27)                 LD    R5 masce
(300F) 52C5  0101001011000101 (  28)                 AND   R1 R3 R5
(3010) 5505  0101010100000101 (  29)                 AND   R2 R4 R5
(3011) 1C42  0001110001000010 (  30)                 ADD   R6 R1 R2
(3012) 2A37  0010101000110111 (  31)                 LD    R5 bias
(3013) 9B7F  1001101101111111 (  32)                 NOT   R5 R5
(3014) 1B61  0001101101100001 (  33)                 ADD   R5 R5 #1
(3015) 1D85  0001110110000101 (  34)                 ADD   R6 R6 R5
(3016) 3C2E  0011110000101110 (  35)                 ST    R6 es
(3017) 2A30  0010101000110000 (  39)                 LD    R5 mascm
(3018) 52C5  0101001011000101 (  40)                 AND   R1 R3 R5
(3019) 5505  0101010100000101 (  41)                 AND   R2 R4 R5
(301A) 2A2E  0010101000101110 (  42)                 LD    R5 mascb22
(301B) 1245  0001001001000101 (  43)                 ADD   R1 R1 R5
(301C) 1485  0001010010000101 (  44)                 ADD   R2 R2 R5
(301D) 4840  0100100001000000 (  45)                 JSR   MULT2x
(301E) 5B60  0101101101100000 (  48)                 AND   R5 R5 #0
(301F) 2A29  0010101000101001 (  49)                 LD    R5 mascb22
(3020) 9D7F  1001110101111111 (  51)                 NOT   R6 R5
(3021) 1DA1  0001110110100001 (  52)                 ADD   R6 R6 #1
(3022) 5943  0101100101000011 (  54)                 AND   R4 R5 R3
(3023) 0407  0000010000000111 (  56)                 BRZ   masc10
(3024) 16C6  0001011011000110 (  58)                 ADD   R3 R3 R6
(3025) 3625  0011011000100101 (  59)                 ST    R3 mant
(3026) 281E  0010100000011110 (  60)                 LD    R4 es
(3027) 2A21  0010101000100001 (  61)                 LD    R5 mascb22
(3028) 1905  0001100100000101 (  62)                 ADD   R4 R4 R5
(3029) 381B  0011100000011011 (  63)                 ST    R4 es
(302A) 0E0F  0000111000001111 (  64)                 BRNZP result1
(302B) 1820  0001100000100000 (  66) masc10          ADD   R4 R0 #0
(302C) 12E0  0001001011100000 (  67)                 ADD   R1 R3 #0
(302D) 5020  0101000000100000 (  68)                 AND   R0 R0 #0
(302E) 54A0  0101010010100000 (  69)                 AND   R2 R2 #0
(302F) 14A1  0001010010100001 (  70)                 ADD   R2 R2 #1
(3030) 4856  0100100001010110 (  72)                 JSR   SHIFTL
(3031) 2A16  0010101000010110 (  73)                 LD    R5 mascm
(3032) 5005  0101000000000101 (  74)                 AND   R0 R0 R5
(3033) 3017  0011000000010111 (  75)                 ST    R0 mant
(3034) 5105  0101000100000101 (  77)                 AND   R0 R4 R5
(3035) 14A9  0001010010101001 (  78)                 ADD   R2 R2 #9
(3036) 4849  0100100001001001 (  79)                 JSR   SHIFTR
(3037) 2213  0010001000010011 (  80)                 LD    R1 mant
(3038) 1001  0001000000000001 (  81)                 ADD   R0 R0 R1
(3039) 1620  0001011000100000 (  82)                 ADD   R3 R0 #0
(303A) 3610  0011011000010000 (  83) result1         ST    R3 mant
(303B) 5020  0101000000100000 (  85)                 AND   R0 R0 #0
(303C) 2207  0010001000000111 (  86)                 LD    R1 stt
(303D) 2407  0010010000000111 (  87)                 LD    R2 es
(303E) 1001  0001000000000001 (  88)                 ADD   R0 R0 R1
(303F) 1002  0001000000000010 (  89)                 ADD   R0 R0 R2
(3040) 1003  0001000000000011 (  90)                 ADD   R0 R0 R3
(3041) F025  1111000000100101 (  92)                 TRAP  x25
(3042) 58F8  0101100011111000 (  96) na              .FILL x58F8
(3043) 4400  0100010000000000 (  97) nb              .FILL x4400
(3044) 0000  0000000000000000 (  99) stt             .FILL x0000
(3045) 0000  0000000000000000 ( 100) es              .FILL x0000
(3046) 8000  1000000000000000 ( 100) mascs           .FILL x8000
(3047) 7C00  0111110000000000 ( 101) masce           .FILL x7C00
(3048) 03FF  0000001111111111 ( 102) mascm           .FILL x03FF
(3049) 0400  0000010000000000 ( 103) mascb22         .FILL x0400
(304A) 3C00  0011110000000000 ( 104) bias            .FILL x3C00
(304B) 0000  0000000000000000 ( 115) mant            .FILL x0000
(304C) 360D  0011011000001101 ( 115) XOR             ST    R3 guarXOR3
(304D) 380D  0011100000001101 ( 116)                 ST    R4 guarXOR4
(304E) 3A0D  0011101000001101 ( 117)                 ST    R5 guarXOR5
(304F) 3C0D  0011110000001101 ( 118)                 ST    R6 guarXOR6
(3050) 967F  1001011001111111 ( 120)                 NOT   R3 R1
(3051) 98BF  1001100010111111 ( 121)                 NOT   R4 R2
(3052) 5A44  0101101001000100 ( 122)                 AND   R5 R1 R4
(3053) 5C83  0101110010000011 ( 123)                 AND   R6 R2 R3
(3054) 1146  0001000101000110 ( 124)                 ADD   R0 R5 R6
(3055) 2604  0010011000000100 ( 126)                 LD    R3 guarXOR3
(3056) 2804  0010100000000100 ( 127)                 LD    R4 guarXOR4
(3057) 2A04  0010101000000100 ( 128)                 LD    R5 guarXOR5
(3058) 2C04  0010110000000100 ( 129)                 LD    R6 guarXOR6
(3059) C1C0  1100000111000000 ( 131)                 RET   
(305A) 0000  0000000000000000 ( 134) guarXOR3        .FILL x0000
(305B) 0000  0000000000000000 ( 135) guarXOR4        .FILL x0000
(305C) 0000  0000000000000000 ( 136) guarXOR5        .FILL x0000
(305D) 0000  0000000000000000 ( 142) guarXOR6        .FILL x0000
(305E) 341A  0011010000011010 ( 142) MULT2x          ST    R2 guarmt22
(305F) 381A  0011100000011010 ( 144)                 ST    R4 guarmt24
(3060) 3A1A  0011101000011010 ( 145)                 ST    R5 guarmt25
(3061) 3C1A  0011110000011010 ( 146)                 ST    R6 guarmt26
(3062) 56E0  0101011011100000 ( 149)                 AND   R3 R3 #0
(3063) 5020  0101000000100000 ( 150)                 AND   R0 R0 #0
(3064) 5920  0101100100100000 ( 151)                 AND   R4 R4 #0
(3065) 2A19  0010101000011001 ( 152)                 LD    R5 bitmask
(3066) 9D7F  1001110101111111 ( 153)                 NOT   R6 R5
(3067) 1DA1  0001110110100001 ( 154)                 ADD   R6 R6 #1
(3068) 14A0  0001010010100000 ( 157)                 ADD   R2 R2 #0
(3069) 0202  0000001000000010 ( 158)                 BRP   mult2x1
(306A) 94BF  1001010010111111 ( 159)                 NOT   R2 R2
(306B) 14A1  0001010010100001 ( 160)                 ADD   R2 R2 #1
(306C) 1040  0001000001000000 ( 162) mult2x1         ADD   R0 R1 R0
(306D) 5805  0101100000000101 ( 163)                 AND   R4 R0 R5
(306E) 1906  0001100100000110 ( 164)                 ADD   R4 R4 R6
(306F) 0802  0000100000000010 ( 165)                 BRN   not_over
(3070) 16E1  0001011011100001 ( 166)                 ADD   R3 R3 #1
(3071) 1006  0001000000000110 ( 167)                 ADD   R0 R0 R6
(3072) 14BF  0001010010111111 ( 168) not_over        ADD   R2 R2 #-1
(3073) 03F8  0000001111111000 ( 169)                 BRP   mult2x1
(3074) 2404  0010010000000100 ( 171)                 LD    R2 guarmt22
(3075) 2804  0010100000000100 ( 172)                 LD    R4 guarmt24
(3076) 2A04  0010101000000100 ( 173)                 LD    R5 guarmt25
(3077) 2C04  0010110000000100 ( 174)                 LD    R6 guarmt26
(3078) C1C0  1100000111000000 ( 175)                 RET   
(3079) 0000  0000000000000000 ( 179) guarmt22        .FILL x0000
(307A) 0000  0000000000000000 ( 180) guarmt24        .FILL x0000
(307B) 0000  0000000000000000 ( 181) guarmt25        .FILL x0000
(307C) 0000  0000000000000000 ( 182) guarmt26        .FILL x0000
(307D) 07FF  0000011111111111 ( 182) guarx1          .FILL x07FF
(307E) 0002  0000000000000010 ( 183) guarx2          .FILL x0002
(307F) 0800  0000100000000000 ( 184) bitmask         .FILL x0800
(3080) 3405  0011010000000101 ( 187) SHIFTR          ST    R2 guarshiftr
(3081) 1036  0001000000110110 ( 188) op_shiftr       ADD   R0 R0 #-10
(3082) 14BF  0001010010111111 ( 189)                 ADD   R2 R2 #-1
(3083) 03FD  0000001111111101 ( 190)                 BRP   op_shiftr
(3084) 2401  0010010000000001 ( 191)                 LD    R2 guarshiftr
(3085) C1C0  1100000111000000 ( 192)                 RET   
(3086) 0000  0000000000000000 ( 201) guarshiftr      .FILL x0000
(3087) 3405  0011010000000101 ( 201) SHIFTL          ST    R2 guarshiftl
(3088) 1001  0001000000000001 ( 202) op_shiftL       ADD   R0 R0 R1
(3089) 14BF  0001010010111111 ( 203)                 ADD   R2 R2 #-1
(308A) 07FD  0000011111111101 ( 204)                 BRZP  op_shiftL
(308B) 2401  0010010000000001 ( 205)                 LD    R2 guarshiftl
(308C) C1C0  1100000111000000 ( 206)                 RET   
(308D) 0000  0000000000000000 ( 208) guarshiftl      .FILL x0000
