(0000) 3000  0011000000000000 (   1)                 .ORIG x3000
(3000) 2205  0010001000000101 (   4)                 LD    R1 num1
(3001) 2405  0010010000000101 (   5)                 LD    R2 despl
(3002) 56E0  0101011011100000 (   7)                 AND   R3 R3 #0
(3003) 5920  0101100100100000 (   8)                 AND   R4 R4 #0
(3004) 4803  0100100000000011 (  10)                 JSR   ShiftL
(3005) F025  1111000000100101 (  11)                 TRAP  x25
(3006) 04BB  0000010010111011 (  13) num1            .FILL x04BB
(3007) 0005  0000000000000101 (  14) despl           .FILL x0005
(3008) 381F  0011100000011111 (  16) ShiftL          ST    R4 guarsl1
(3009) 3A1F  0011101000011111 (  17)                 ST    R5 guarsl2
(300A) 3C1F  0011110000011111 (  18)                 ST    R6 guarsl3
(300B) 341F  0011010000011111 (  19)                 ST    R2 guarsl4
(300C) 5920  0101100100100000 (  21)                 AND   R4 R4 #0
(300D) 5B60  0101101101100000 (  22)                 AND   R5 R5 #0
(300E) 5DA0  0101110110100000 (  23)                 AND   R6 R6 #0
(300F) 1660  0001011001100000 (  25)                 ADD   R3 R1 #0
(3010) 040E  0000010000001110 (  26)                 BRZ   zeros
(3011) 1A60  0001101001100000 (  27)                 ADD   R5 R1 #0
(3012) 16C3  0001011011000011 (  29) consb           ADD   R3 R3 R3
(3013) 1904  0001100100000100 (  30)                 ADD   R4 R4 R4
(3014) 10E0  0001000011100000 (  32)                 ADD   R0 R3 #0
(3015) 903F  1001000000111111 (  33)                 NOT   R0 R0
(3016) 1021  0001000000100001 (  34)                 ADD   R0 R0 #1
(3017) 0402  0000010000000010 (  35)                 BRZ   zero
(3018) 1C05  0001110000000101 (  36)                 ADD   R6 R0 R5
(3019) 0801  0000100000000001 (  37)                 BRN   consa
(301A) 1921  0001100100100001 (  38) zero            ADD   R4 R4 #1
(301B) 5B60  0101101101100000 (  39) consa           AND   R5 R5 #0
(301C) 1AE0  0001101011100000 (  41)                 ADD   R5 R3 #0
(301D) 14BF  0001010010111111 (  43) neg             ADD   R2 R2 #-1
(301E) 03F3  0000001111110011 (  44)                 BRP   consb
(301F) 5020  0101000000100000 (  46) zeros           AND   R0 R0 #0
(3020) 1003  0001000000000011 (  47)                 ADD   R0 R0 R3
(3021) 56E0  0101011011100000 (  49)                 AND   R3 R3 #0
(3022) 16C4  0001011011000100 (  50)                 ADD   R3 R3 R4
(3023) 2804  0010100000000100 (  51)                 LD    R4 guarsl1
(3024) 2A04  0010101000000100 (  52)                 LD    R5 guarsl2
(3025) 2C04  0010110000000100 (  53)                 LD    R6 guarsl3
(3026) 2404  0010010000000100 (  54)                 LD    R2 guarsl4
(3027) C1C0  1100000111000000 (  55)                 RET   
(3028) 0000  0000000000000000 (  58) guarsl1         .FILL x0000
(3029) 0000  0000000000000000 (  59) guarsl2         .FILL x0000
(302A) 0000  0000000000000000 (  60) guarsl3         .FILL x0000
(302B) 0000  0000000000000000 (  62) guarsl4         .FILL x0000
