(0000) 3000  0011000000000000 (   1)                 .ORIG x3000
(3000) 2205  0010001000000101 (   4)                 LD    R1 num1
(3001) 2405  0010010000000101 (   5)                 LD    R2 despl
(3002) 56E0  0101011011100000 (   7)                 AND   R3 R3 #0
(3003) 5920  0101100100100000 (   8)                 AND   R4 R4 #0
(3004) 4803  0100100000000011 (  10)                 JSR   SHIFTLX
(3005) F025  1111000000100101 (  11)                 TRAP  x25
(3006) 04BB  0000010010111011 (  13) num1            .FILL x04BB
(3007) 0005  0000000000000101 (  14) despl           .FILL x0005
(3008) 341A  0011010000011010 (  16) SHIFTLX         ST    R2 guarlx2
(3009) 381A  0011100000011010 (  17)                 ST    R4 guarlx4
(300A) 3A1A  0011101000011010 (  18)                 ST    R5 guarlx5
(300B) 3C1A  0011110000011010 (  19)                 ST    R6 guarlx6
(300C) 5020  0101000000100000 (  21)                 AND   R0 R0 #0
(300D) 5920  0101100100100000 (  22)                 AND   R4 R4 #0
(300E) 5B60  0101101101100000 (  23)                 AND   R5 R5 #0
(300F) 2A17  0010101000010111 (  24)                 LD    R5 mascb12
(3010) 9D7F  1001110101111111 (  25)                 NOT   R6 R5
(3011) 1DA1  0001110110100001 (  26)                 ADD   R6 R6 #1
(3012) 1260  0001001001100000 (  27)                 ADD   R1 R1 #0
(3013) 040E  0000010000001110 (  28)                 BRZ   zeros
(3014) 1060  0001000001100000 (  29)                 ADD   R0 R1 #0
(3015) 1000  0001000000000000 (  31) op_shiftLx      ADD   R0 R0 R0
(3016) 1904  0001100100000100 (  32)                 ADD   R4 R4 R4
(3017) 5605  0101011000000101 (  34)                 AND   R3 R0 R5
(3018) 0402  0000010000000010 (  35)                 BRZ   zero
(3019) 1921  0001100100100001 (  36)                 ADD   R4 R4 #1
(301A) 1006  0001000000000110 (  37)                 ADD   R0 R0 R6
(301B) 14BF  0001010010111111 (  40) zero            ADD   R2 R2 #-1
(301C) 03F8  0000001111111000 (  42)                 BRP   op_shiftLx
(301D) 1720  0001011100100000 (  45)                 ADD   R3 R4 #0
(301E) 2404  0010010000000100 (  46)                 LD    R2 guarlx2
(301F) 2804  0010100000000100 (  47)                 LD    R4 guarlx4
(3020) 2A04  0010101000000100 (  48)                 LD    R5 guarlx5
(3021) 2C04  0010110000000100 (  49)                 LD    R6 guarlx6
(3022) C1C0  1100000111000000 (  51) zeros           RET   
(3023) 0000  0000000000000000 (  53) guarlx2         .FILL x0000
(3024) 0000  0000000000000000 (  54) guarlx4         .FILL x0000
(3025) 0000  0000000000000000 (  55) guarlx5         .FILL x0000
(3026) 0000  0000000000000000 (  56) guarlx6         .FILL x0000
(3027) 0800  0000100000000000 (  56) mascb12         .FILL x0800
