(0000) 3000  0011000000000000 (   1)                 .ORIG x3000
(3000) 5020  0101000000100000 (   3)                 AND   R0 R0 #0
(3001) 5920  0101100100100000 (   5)                 AND   R4 R4 #0
(3002) 54A0  0101010010100000 (   7)                 AND   R2 R2 #0
(3003) 1260  0001001001100000 (   9)                 ADD   R1 R1 #0
(3004) 0419  0000010000011001 (  11)                 BRZ   DoneAtoB
(3005) 2619  0010011000011001 (  15)                 LD    R3 GetCode
(3006) E419  1110010000011001 (  17)                 LEA   R2 CodeBUFFER
(3007) 1481  0001010010000001 (  19)                 ADD   R2 R2 R1
(3008) 14BF  0001010010111111 (  21)                 ADD   R2 R2 #-1
(3009) 6880  0110100010000000 (  25)                 LDR   R4 R2 #0
(300A) 1903  0001100100000011 (  27)                 ADD   R4 R4 R3
(300B) 1004  0001000000000100 (  29)                 ADD   R0 R0 R4
(300C) 127F  0001001001111111 (  33)                 ADD   R1 R1 #-1
(300D) 0410  0000010000010000 (  35)                 BRZ   DoneAtoB
(300E) 14BF  0001010010111111 (  37)                 ADD   R2 R2 #-1
(300F) 6880  0110100010000000 (  41)                 LDR   R4 R2 #0
(3010) 1903  0001100100000011 (  43)                 ADD   R4 R4 R3
(3011) EA12  1110101000010010 (  45)                 LEA   R5 decenas
(3012) 1B44  0001101101000100 (  47)                 ADD   R5 R5 R4
(3013) 6940  0110100101000000 (  49)                 LDR   R4 R5 #0
(3014) 1004  0001000000000100 (  51)                 ADD   R0 R0 R4
(3015) 127F  0001001001111111 (  55)                 ADD   R1 R1 #-1
(3016) 0407  0000010000000111 (  57)                 BRZ   DoneAtoB
(3017) 14BF  0001010010111111 (  59)                 ADD   R2 R2 #-1
(3018) 6280  0110001010000000 (  63)                 LDR   R1 R2 #0
(3019) 1903  0001100100000011 (  65)                 ADD   R4 R4 R3
(301A) EA13  1110101000010011 (  67)                 LEA   R5 Centenas
(301B) 1B44  0001101101000100 (  69)                 ADD   R5 R5 R4
(301C) 6940  0110100101000000 (  71)                 LDR   R4 R5 #0
(301D) 1004  0001000000000100 (  73)                 ADD   R0 R0 R4
(301E) C1C0  1100000111000000 (  77) DoneAtoB        RET   
(301F) FFD0  1111111111010000 (  79) GetCode         .FILL xFFD0
(3020) 0000  0000000000000000 (  83) CodeBUFFER      .FILL x0000
(3021) 0000  0000000000000000 (  83)                 .FILL x0000
(3022) 0000  0000000000000000 (  83)                 .FILL x0000
(3023) 0000  0000000000000000 (  83)                 .FILL x0000
(3024) 0000  0000000000000000 (  83) decenas         .FILL x0000
(3025) 000A  0000000000001010 (  85)                 .FILL x000A
(3026) 0014  0000000000010100 (  87)                 .FILL x0014
(3027) 001E  0000000000011110 (  89)                 .FILL x001E
(3028) 0028  0000000000101000 (  91)                 .FILL x0028
(3029) 0032  0000000000110010 (  93)                 .FILL x0032
(302A) 003C  0000000000111100 (  95)                 .FILL x003C
(302B) 0046  0000000001000110 (  97)                 .FILL x0046
(302C) 0050  0000000001010000 (  99)                 .FILL x0050
(302D) 005A  0000000001011010 ( 101)                 .FILL x005A
(302E) 0000  0000000000000000 ( 105) Centenas        .FILL x0000
(302F) 0064  0000000001100100 ( 107)                 .FILL x0064
(3030) 00C8  0000000011001000 ( 109)                 .FILL x00C8
(3031) 012C  0000000100101100 ( 111)                 .FILL x012C
(3032) 0190  0000000110010000 ( 113)                 .FILL x0190
(3033) 01F4  0000000111110100 ( 115)                 .FILL x01F4
(3034) 0258  0000001001011000 ( 117)                 .FILL x0258
(3035) 02BC  0000001010111100 ( 119)                 .FILL x02BC
(3036) 0320  0000001100100000 ( 121)                 .FILL x0320
(3037) 0384  0000001110000100 ( 123)                 .FILL x0384
