(0000) 3000  0011000000000000 (   1)                 .ORIG x3000
(3000) E204  1110001000000100 (   2)                 LEA   R1 num
(3001) 6040  0110000001000000 (   3)                 LDR   R0 R1 #0
(3002) 6241  0110001001000001 (   4)                 LDR   R1 R1 #1
(3003) 4803  0100100000000011 (   6)                 JSR   SHIFTRX
(3004) F025  1111000000100101 (   8)                 TRAP  x25
(3005) 4488  0100010010001000 (  10) num             .FILL x4488
(3006) 0005  0000000000000101 (  11) times           .FILL x0005
(3007) 301F  0011000000011111 (  19) SHIFTRX         ST    R0 numrx
(3008) 3223  0011001000100011 (  20)                 ST    R1 timesrx
(3009) 1C60  0001110001100000 (  21)                 ADD   R6 R1 #0
(300A) E7FA  1110011111111010 (  22)                 LEA   R3 num
(300B) 78C0  0111100011000000 (  23)                 STR   R4 R3 #0
(300C) 7AC1  0111101011000001 (  24)                 STR   R5 R3 #1
(300D) 7CC2  0111110011000010 (  25)                 STR   R6 R3 #2
(300E) 56E0  0101011011100000 (  26)                 AND   R3 R3 #0
(300F) 1420  0001010000100000 (  31) shiftrx_op      ADD   R2 R0 #0
(3010) 14BF  0001010010111111 (  32)                 ADD   R2 R2 #-1
(3011) 0C0B  0000110000001011 (  33)                 BRNZ  steprx
(3012) 2A1A  0010101000011010 (  35)                 LD    R5 mascb1
(3013) 5A05  0101101000000101 (  36)                 AND   R5 R0 R5
(3014) 0403  0000010000000011 (  37)                 BRZ   not_carry
(3015) 2A18  0010101000011000 (  39)                 LD    R5 mascb11
(3016) 16C5  0001011011000101 (  40)                 ADD   R3 R3 R5
(3017) 2A15  0010101000010101 (  41)                 LD    R5 mascb1
(3018) 16E0  0001011011100000 (  42) not_carry       ADD   R3 R3 #0
(3019) 0401  0000010000000001 (  43)                 BRZ   mov_carry
(301A) 16FE  0001011011111110 (  44)                 ADD   R3 R3 #-2
(301B) 103E  0001000000111110 (  46) mov_carry       ADD   R0 R0 #-2
(301C) 03F2  0000001111110010 (  48)                 BRP   shiftrx_op
(301D) 127F  0001001001111111 (  51) steprx          ADD   R1 R1 #-1
(301E) 03F0  0000001111110000 (  52)                 BRP   shiftrx_op
(301F) 220C  0010001000001100 (  54)                 LD    R1 timesrx
(3020) 1420  0001010000100000 (  55)                 ADD   R2 R0 #0
(3021) 2005  0010000000000101 (  56)                 LD    R0 numrx
(3022) EC04  1110110000000100 (  57)                 LEA   R6 numrx
(3023) 6981  0110100110000001 (  58)                 LDR   R4 R6 #1
(3024) 6B82  0110101110000010 (  59)                 LDR   R5 R6 #2
(3025) 6D83  0110110110000011 (  60)                 LDR   R6 R6 #3
(3026) C1C0  1100000111000000 (  61)                 RET   
(3027) 0000  0000000000000000 (  65) numrx           .FILL x0000
(3028) 0000  0000000000000000 (  65)                 .FILL x0000
(3029) 0000  0000000000000000 (  65)                 .FILL x0000
(302A) 0000  0000000000000000 (  65)                 .FILL x0000
(302B) 0000  0000000000000000 (  65)                 .FILL x0000
(302C) 0000  0000000000000000 (  66) timesrx         .FILL x0000
(302D) 0001  0000000000000001 (  66) mascb1          .FILL x0001
(302E) 0400  0000010000000000 (  68) mascb11         .FILL x0400
