(0000) 3000  0011000000000000 (   7)                 .ORIG x3000
(3000) 5020  0101000000100000 (   9)                 AND   R0 R0 #0
(3001) 5260  0101001001100000 (  10)                 AND   R1 R1 #0
(3002) 54A0  0101010010100000 (  11)                 AND   R2 R2 #0
(3003) 5B60  0101101101100000 (  12)                 AND   R5 R5 #0
(3004) 5DA0  0101110110100000 (  13)                 AND   R6 R6 #0
(3005) 26B6  0010011010110110 (  15)                 LD    R3 na
(3006) 28B6  0010100010110110 (  16)                 LD    R4 nb
(3007) 5260  0101001001100000 (  17)                 AND   R1 R1 #0
(3008) 54A0  0101010010100000 (  18)                 AND   R2 R2 #0
(3009) 2AC9  0010101011001001 (  19)                 LD    R5 mascs
(300A) 5343  0101001101000011 (  20)                 AND   R1 R5 R3
(300B) 5544  0101010101000100 (  21)                 AND   R2 R5 R4
(300C) 32B1  0011001010110001 (  22)                 ST    R1 sa
(300D) 34B1  0011010010110001 (  23)                 ST    R2 sb
(300E) 48CC  0100100011001100 (  24)                 JSR   XOR
(300F) 30B8  0011000010111000 (  25)                 ST    R0 stt
(3010) 2AC3  0010101011000011 (  27)                 LD    R5 masce
(3011) 50C5  0101000011000101 (  28)                 AND   R0 R3 R5
(3012) 5305  0101001100000101 (  29)                 AND   R1 R4 R5
(3013) 30AC  0011000010101100 (  30)                 ST    R0 ea
(3014) 32AC  0011001010101100 (  31)                 ST    R1 eb
(3015) 927F  1001001001111111 (  32)                 NOT   R1 R1
(3016) 1261  0001001001100001 (  33)                 ADD   R1 R1 #1
(3017) 1040  0001000001000000 (  34)                 ADD   R0 R1 R0
(3018) 30B7  0011000010110111 (  36)                 ST    R0 diffe
(3019) 2ABE  0010101010111110 (  37)                 LD    R5 masc15
(301A) 5A05  0101101000000101 (  38)                 AND   R5 R0 R5
(301B) 0402  0000010000000010 (  40)                 BRZ   maxb
(301C) 903F  1001000000111111 (  41)                 NOT   R0 R0
(301D) 1021  0001000000100001 (  42)                 ADD   R0 R0 #1
(301E) 5260  0101001001100000 (  44) maxb            AND   R1 R1 #0
(301F) 126A  0001001001101010 (  45)                 ADD   R1 R1 #10
(3020) 48CC  0100100011001100 (  46)                 JSR   SHIFTR
(3021) 30B0  0011000010110000 (  47)                 ST    R0 max
(3022) 1220  0001001000100000 (  48)                 ADD   R1 R0 #0
(3023) 3AAD  0011101010101101 (  49)                 ST    R5 diffe15
(3024) 1CE0  0001110011100000 (  50)                 ADD   R6 R3 #0
(3025) 2AAF  0010101010101111 (  51)                 LD    R5 mascm
(3026) 5185  0101000110000101 (  52)                 AND   R0 R6 R5
(3027) 2AAE  0010101010101110 (  53)                 LD    R5 mascb11
(3028) 1140  0001000101000000 (  54)                 ADD   R0 R5 R0
(3029) 1420  0001010000100000 (  55)                 ADD   R2 R0 #0
(302A) 56E0  0101011011100000 (  56)                 AND   R3 R3 #0
(302B) 3096  0011000010010110 (  57)                 ST    R0 ma
(302C) 2AA4  0010101010100100 (  58)                 LD    R5 diffe15
(302D) 0401  0000010000000001 (  59)                 BRZ   na_shifting
(302E) 48FE  0100100011111110 (  66)                 JSR   SHIFTRX
(302F) 3494  0011010010010100 (  71) na_shifting     ST    R2 aa1
(3030) 3694  0011011010010100 (  72)                 ST    R3 aa2
(3031) 2AA3  0010101010100011 (  74)                 LD    R5 mascm
(3032) 5105  0101000100000101 (  75)                 AND   R0 R4 R5
(3033) 2AA2  0010101010100010 (  76)                 LD    R5 mascb11
(3034) 1140  0001000101000000 (  77)                 ADD   R0 R5 R0
(3035) 308D  0011000010001101 (  78)                 ST    R0 mb
(3036) 1420  0001010000100000 (  79)                 ADD   R2 R0 #0
(3037) 56E0  0101011011100000 (  80)                 AND   R3 R3 #0
(3038) 2A98  0010101010011000 (  81)                 LD    R5 diffe15
(3039) 0201  0000001000000001 (  82)                 BRP   nb_shifting
(303A) 48F2  0100100011110010 (  83)                 JSR   SHIFTRX
(303B) 348A  0011010010001010 (  85) nb_shifting     ST    R2 ab1
(303C) 368A  0011011010001010 (  86)                 ST    R3 ab2
(303D) 2086  0010000010000110 (  88)                 LD    R0 aa1
(303E) 2286  0010001010000110 (  89)                 LD    R1 aa2
(303F) 2891  0010100010010001 (  91)                 LD    R4 diffe15
(3040) 2C8F  0010110010001111 (  92)                 LD    R6 diffe
(3041) 2A86  0010101010000110 (  93)                 LD    R5 stt
(3042) 041C  0000010000011100 (  94)                 BRZ   sum1
(3043) 96FF  1001011011111111 (  96)                 NOT   R3 R3
(3044) 16E1  0001011011100001 (  97)                 ADD   R3 R3 #1
(3045) 94BF  1001010010111111 (  98)                 NOT   R2 R2
(3046) 14A1  0001010010100001 (  99)                 ADD   R2 R2 #1
(3047) 1002  0001000000000010 ( 100)                 ADD   R0 R0 R2
(3048) 1243  0001001001000011 ( 101)                 ADD   R1 R1 R3
(3049) E87F  1110100001111111 ( 102)                 LEA   R4 sum
(304A) 7100  0111000100000000 ( 103)                 STR   R0 R4 #0
(304B) 7301  0111001100000001 ( 104)                 STR   R1 R4 #1
(304C) 2884  0010100010000100 ( 106)                 LD    R4 diffe15
(304D) 1DA0  0001110110100000 ( 107)                 ADD   R6 R6 #0
(304E) 0402  0000010000000010 ( 108)                 BRZ   case_diffe1
(304F) 1920  0001100100100000 ( 109)                 ADD   R4 R4 #0
(3050) 0431  0000010000110001 ( 110)                 BRZ   sum2
(3051) 2474  0010010001110100 ( 112) case_diffe1     LD    R2 ab1
(3052) 2674  0010011001110100 ( 113)                 LD    R3 ab2
(3053) 2070  0010000001110000 ( 114)                 LD    R0 aa1
(3054) 2270  0010001001110000 ( 115)                 LD    R1 aa2
(3055) 903F  1001000000111111 ( 117)                 NOT   R0 R0
(3056) 1021  0001000000100001 ( 118)                 ADD   R0 R0 #1
(3057) 927F  1001001001111111 ( 119)                 NOT   R1 R1
(3058) 1261  0001001001100001 ( 120)                 ADD   R1 R1 #1
(3059) 1080  0001000010000000 ( 121)                 ADD   R0 R2 R0
(305A) 1243  0001001001000011 ( 122)                 ADD   R1 R1 R3
(305B) E86D  1110100001101101 ( 123)                 LEA   R4 sum
(305C) 7100  0111000100000000 ( 124)                 STR   R0 R4 #0
(305D) 7301  0111001100000001 ( 125)                 STR   R1 R4 #1
(305E) 0E23  0000111000100011 ( 126)                 BRNZP sum2
(305F) 2466  0010010001100110 ( 128) sum1            LD    R2 ab1
(3060) 2666  0010011001100110 ( 129)                 LD    R3 ab2
(3061) 2062  0010000001100010 ( 130)                 LD    R0 aa1
(3062) 2262  0010001001100010 ( 131)                 LD    R1 aa2
(3063) 1002  0001000000000010 ( 133)                 ADD   R0 R0 R2
(3064) 1243  0001001001000011 ( 134)                 ADD   R1 R1 R3
(3065) E863  1110100001100011 ( 135)                 LEA   R4 sum
(3066) 7100  0111000100000000 ( 136)                 STR   R0 R4 #0
(3067) 7301  0111001100000001 ( 137)                 STR   R1 R4 #1
(3068) 2A6E  0010101001101110 ( 139)                 LD    R5 mascb12
(3069) 5405  0101010000000101 ( 140)                 AND   R2 R0 R5
(306A) 0409  0000010000001001 ( 141)                 BRZ   case2
(306B) 286A  0010100001101010 ( 142)                 LD    R4 mascb11
(306C) 5260  0101001001100000 ( 143)                 AND   R1 R1 #0
(306D) 1261  0001001001100001 ( 144)                 ADD   R1 R1 #1
(306E) 9B7F  1001101101111111 ( 145)                 NOT   R5 R5
(306F) 1B61  0001101101100001 ( 146)                 ADD   R5 R5 #1
(3070) 1005  0001000000000101 ( 147)                 ADD   R0 R0 R5
(3071) 487B  0100100001111011 ( 149)                 JSR   SHIFTR
(3072) 305A  0011000001011010 ( 150)                 ST    R0 mr
(3073) 0E06  0000111000000110 ( 151)                 BRNZP case3
(3074) 2254  0010001001010100 ( 153) case2           LD    R1 sum
(3075) 5920  0101100100100000 ( 154)                 AND   R4 R4 #0
(3076) 54A0  0101010010100000 ( 155)                 AND   R2 R2 #0
(3077) 14A1  0001010010100001 ( 156)                 ADD   R2 R2 #1
(3078) 4894  0100100010010100 ( 158)                 JSR   SHIFTLX
(3079) 3653  0011011001010011 ( 159)                 ST    R3 mr
(307A) 2A56  0010101001010110 ( 160) case3           LD    R5 diffe15
(307B) 0402  0000010000000010 ( 161)                 BRZ   case4
(307C) 2043  0010000001000011 ( 162)                 LD    R0 ea
(307D) 0E01  0000111000000001 ( 163)                 BRNZP ets
(307E) 2042  0010000001000010 ( 164) case4           LD    R0 eb
(307F) 1004  0001000000000100 ( 165) ets             ADD   R0 R0 R4
(3080) 304D  0011000001001101 ( 166)                 ST    R0 et
(3081) 0E25  0000111000100101 ( 167)                 BRNZP exit
(3082) EC46  1110110001000110 ( 168) sum2            LEA   R6 sum
(3083) 6380  0110001110000000 ( 169)                 LDR   R1 R6 #0
(3084) 54A0  0101010010100000 ( 170)                 AND   R2 R2 #0
(3085) 14A1  0001010010100001 ( 171)                 ADD   R2 R2 #1
(3086) 6781  0110011110000001 ( 172)                 LDR   R3 R6 #1
(3087) 5920  0101100100100000 ( 173)                 AND   R4 R4 #0
(3088) 2A4D  0010101001001101 ( 175)                 LD    R5 mascb11
(3089) 487B  0100100001111011 ( 176) busca1          JSR   SHIFTL
(308A) 1220  0001001000100000 ( 177)                 ADD   R1 R0 #0
(308B) 1921  0001100100100001 ( 178)                 ADD   R4 R4 #1
(308C) 1D35  0001110100110101 ( 179)                 ADD   R6 R4 #-11
(308D) 0404  0000010000000100 ( 180)                 BRZ   busca2
(308E) 5005  0101000000000101 ( 181)                 AND   R0 R0 R5
(308F) 05F9  0000010111111001 ( 182)                 BRZ   busca1
(3090) 383E  0011100000111110 ( 183)                 ST    R4 despl
(3091) 020C  0000001000001100 ( 184)                 BRP   listo
(3092) 12E0  0001001011100000 ( 186) busca2          ADD   R1 R3 #0
(3093) 2645  0010011001000101 ( 187)                 LD    R3 minus22
(3094) 4870  0100100001110000 ( 189) busca2a         JSR   SHIFTL
(3095) 1220  0001001000100000 ( 190)                 ADD   R1 R0 #0
(3096) 1921  0001100100100001 ( 191)                 ADD   R4 R4 #1
(3097) 1D03  0001110100000011 ( 192)                 ADD   R6 R4 R3
(3098) 0405  0000010000000101 ( 193)                 BRZ   listo
(3099) 5005  0101000000000101 ( 194)                 AND   R0 R0 R5
(309A) 05F9  0000010111111001 ( 195)                 BRZ   busca2a
(309B) 3833  0011100000110011 ( 196)                 ST    R4 despl
(309C) 3230  0011001000110000 ( 197)                 ST    R1 mr
(309D) 0E09  0000111000001001 ( 198)                 BRNZP exit
(309E) 1460  0001010001100000 ( 200) listo           ADD   R2 R1 #0
(309F) 993F  1001100100111111 ( 202)                 NOT   R4 R4
(30A0) 1921  0001100100100001 ( 203)                 ADD   R4 R4 #1
(30A1) 132B  0001001100101011 ( 204)                 ADD   R1 R4 #11
(30A2) E026  1110000000100110 ( 206)                 LEA   R0 sum
(30A3) 6001  0110000000000001 ( 207)                 LDR   R0 R0 #1
(30A4) 4848  0100100001001000 ( 208)                 JSR   SHIFTR
(30A5) 1480  0001010010000000 ( 209)                 ADD   R2 R2 R0
(30A6) 3426  0011010000100110 ( 210)                 ST    R2 mr
(30A7) 2225  0010001000100101 ( 212) exit            LD    R1 mr
(30A8) 242D  0010010000101101 ( 213)                 LD    R2 mascb11
(30A9) 94BF  1001010010111111 ( 214)                 NOT   R2 R2
(30AA) 14A1  0001010010100001 ( 215)                 ADD   R2 R2 #1
(30AB) 1281  0001001010000001 ( 216)                 ADD   R1 R2 R1
(30AC) 3220  0011001000100000 ( 217)                 ST    R1 mr
(30AD) 2223  0010001000100011 ( 219)                 LD    R1 diffe15
(30AE) 0406  0000010000000110 ( 220)                 BRZ   expmenos
(30AF) 2211  0010001000010001 ( 221)                 LD    R1 eb
(30B0) 241E  0010010000011110 ( 222)                 LD    R2 despl
(30B1) 94BF  1001010010111111 ( 223)                 NOT   R2 R2
(30B2) 14A1  0001010010100001 ( 224)                 ADD   R2 R2 #1
(30B3) 1242  0001001001000010 ( 225)                 ADD   R1 R1 R2
(30B4) 0E05  0000111000000101 ( 226)                 BRNZP fin_sr
(30B5) 220A  0010001000001010 ( 228) expmenos        LD    R1 ea
(30B6) 2418  0010010000011000 ( 229)                 LD    R2 despl
(30B7) 94BF  1001010010111111 ( 230)                 NOT   R2 R2
(30B8) 14A1  0001010010100001 ( 231)                 ADD   R2 R2 #1
(30B9) 1242  0001001001000010 ( 232)                 ADD   R1 R1 R2
(30BA) 3213  0011001000010011 ( 234) fin_sr          ST    R1 et
(30BB) F025  1111000000100101 ( 237)                 TRAP  x25
(30BC) 51A0  0101000110100000 ( 240) na              .FILL x51A0
(30BD) 4F40  0100111101000000 ( 241) nb              .FILL x4F40
(30BE) 0000  0000000000000000 ( 243) sa              .FILL x0000
(30BF) 0000  0000000000000000 ( 244) sb              .FILL x0000
(30C0) 0000  0000000000000000 ( 245) ea              .FILL x0000
(30C1) 0000  0000000000000000 ( 246) eb              .FILL x0000
(30C2) 0000  0000000000000000 ( 247) ma              .FILL x0000
(30C3) 0000  0000000000000000 ( 249) mb              .FILL x0000
(30C4) 0000  0000000000000000 ( 250) aa1             .FILL x0000
(30C5) 0000  0000000000000000 ( 251) aa2             .FILL x0000
(30C6) 0000  0000000000000000 ( 252) ab1             .FILL x0000
(30C7) 0000  0000000000000000 ( 253) ab2             .FILL x0000
(30C8) 0000  0000000000000000 ( 254) stt             .FILL x0000
(30C9) 0000  0000000000000000 ( 255) sum             .FILL x0000
(30CA) 0000  0000000000000000 ( 255)                 .FILL x0000
(30CB) 0000  0000000000000000 ( 256) es              .FILL x0000
(30CC) 0000  0000000000000000 ( 257) mant            .FILL x0000
(30CD) 0000  0000000000000000 ( 258) mr              .FILL x0000
(30CE) 0000  0000000000000000 ( 259) et              .FILL x0000
(30CF) 0000  0000000000000000 ( 261) despl           .FILL x0000
(30D0) 0000  0000000000000000 ( 262) diffe           .FILL x0000
(30D1) 0000  0000000000000000 ( 263) diffe15         .FILL x0000
(30D2) 0000  0000000000000000 ( 264) max             .FILL x0000
(30D3) 8000  1000000000000000 ( 264) mascs           .FILL x8000
(30D4) 7C00  0111110000000000 ( 265) masce           .FILL x7C00
(30D5) 03FF  0000001111111111 ( 266) mascm           .FILL x03FF
(30D6) 0400  0000010000000000 ( 267) mascb11         .FILL x0400
(30D7) 0800  0000100000000000 ( 268) mascb12         .FILL x0800
(30D8) 4000  0100000000000000 ( 269) masc15          .FILL x4000
(30D9) 0016  0000000000010110 ( 270) minus22         .FILL x0016
(30DA) 3C00  0011110000000000 ( 271) bias            .FILL x3C00
(30DB) 360D  0011011000001101 ( 282) XOR             ST    R3 guarXOR3
(30DC) 380D  0011100000001101 ( 283)                 ST    R4 guarXOR4
(30DD) 3A0D  0011101000001101 ( 284)                 ST    R5 guarXOR5
(30DE) 3C0D  0011110000001101 ( 285)                 ST    R6 guarXOR6
(30DF) 967F  1001011001111111 ( 287)                 NOT   R3 R1
(30E0) 98BF  1001100010111111 ( 288)                 NOT   R4 R2
(30E1) 5A44  0101101001000100 ( 289)                 AND   R5 R1 R4
(30E2) 5C83  0101110010000011 ( 290)                 AND   R6 R2 R3
(30E3) 1146  0001000101000110 ( 291)                 ADD   R0 R5 R6
(30E4) 2604  0010011000000100 ( 293)                 LD    R3 guarXOR3
(30E5) 2804  0010100000000100 ( 294)                 LD    R4 guarXOR4
(30E6) 2A04  0010101000000100 ( 295)                 LD    R5 guarXOR5
(30E7) 2C04  0010110000000100 ( 296)                 LD    R6 guarXOR6
(30E8) C1C0  1100000111000000 ( 298)                 RET   
(30E9) 0000  0000000000000000 ( 301) guarXOR3        .FILL x0000
(30EA) 0000  0000000000000000 ( 302) guarXOR4        .FILL x0000
(30EB) 0000  0000000000000000 ( 303) guarXOR5        .FILL x0000
(30EC) 0000  0000000000000000 ( 309) guarXOR6        .FILL x0000
(30ED) 3014  0011000000010100 ( 309) SHIFTR          ST    R0 guarsr1
(30EE) 3414  0011010000010100 ( 310)                 ST    R2 guarsr2
(30EF) 3614  0011011000010100 ( 311)                 ST    R3 guarsr3
(30F0) 1660  0001011001100000 ( 313)                 ADD   R3 R1 #0
(30F1) 5260  0101001001100000 ( 314)                 AND   R1 R1 #0
(30F2) 54A0  0101010010100000 ( 315)                 AND   R2 R2 #0
(30F3) 1220  0001001000100000 ( 319) shiftr1         ADD   R1 R0 #0
(30F4) 127F  0001001001111111 ( 320)                 ADD   R1 R1 #-1
(30F5) 0C03  0000110000000011 ( 321)                 BRNZ  step
(30F6) 14A1  0001010010100001 ( 323)                 ADD   R2 R2 #1
(30F7) 103E  0001000000111110 ( 324)                 ADD   R0 R0 #-2
(30F8) 03FA  0000001111111010 ( 326)                 BRP   shiftr1
(30F9) 10A0  0001000010100000 ( 329) step            ADD   R0 R2 #0
(30FA) 54A0  0101010010100000 ( 330)                 AND   R2 R2 #0
(30FB) 5260  0101001001100000 ( 331)                 AND   R1 R1 #0
(30FC) 16FF  0001011011111111 ( 332)                 ADD   R3 R3 #-1
(30FD) 03F5  0000001111110101 ( 333)                 BRP   shiftr1
(30FE) 2203  0010001000000011 ( 334)                 LD    R1 guarsr1
(30FF) 2403  0010010000000011 ( 335)                 LD    R2 guarsr2
(3100) 2603  0010011000000011 ( 336)                 LD    R3 guarsr3
(3101) C1C0  1100000111000000 ( 337)                 RET   
(3102) 0000  0000000000000000 ( 340) guarsr1         .FILL x0000
(3103) 0000  0000000000000000 ( 341) guarsr2         .FILL x0000
(3104) 0000  0000000000000000 ( 348) guarsr3         .FILL x0000
(3105) 3406  0011010000000110 ( 348) SHIFTL          ST    R2 guarshiftl
(3106) 5020  0101000000100000 ( 350)                 AND   R0 R0 #0
(3107) 1001  0001000000000001 ( 351) op_shiftL       ADD   R0 R0 R1
(3108) 14BF  0001010010111111 ( 352)                 ADD   R2 R2 #-1
(3109) 07FD  0000011111111101 ( 354)                 BRZP  op_shiftL
(310A) 2401  0010010000000001 ( 356)                 LD    R2 guarshiftl
(310B) C1C0  1100000111000000 ( 357)                 RET   
(310C) 0000  0000000000000000 ( 368) guarshiftl      .FILL x0000
(310D) 341B  0011010000011011 ( 368) SHIFTLX         ST    R2 guarlx2
(310E) 381B  0011100000011011 ( 369)                 ST    R4 guarlx4
(310F) 3A1B  0011101000011011 ( 370)                 ST    R5 guarlx5
(3110) 3C1B  0011110000011011 ( 371)                 ST    R6 guarlx6
(3111) 5020  0101000000100000 ( 373)                 AND   R0 R0 #0
(3112) 56E0  0101011011100000 ( 374)                 AND   R3 R3 #0
(3113) 5920  0101100100100000 ( 375)                 AND   R4 R4 #0
(3114) 5B60  0101101101100000 ( 376)                 AND   R5 R5 #0
(3115) 2BC1  0010101111000001 ( 377)                 LD    R5 mascb12
(3116) 9D7F  1001110101111111 ( 378)                 NOT   R6 R5
(3117) 1DA1  0001110110100001 ( 379)                 ADD   R6 R6 #1
(3118) 1260  0001001001100000 ( 380)                 ADD   R1 R1 #0
(3119) 040E  0000010000001110 ( 381)                 BRZ   zeros
(311A) 1060  0001000001100000 ( 382)                 ADD   R0 R1 #0
(311B) 1000  0001000000000000 ( 384) op_shiftLx      ADD   R0 R0 R0
(311C) 1904  0001100100000100 ( 385)                 ADD   R4 R4 R4
(311D) 5605  0101011000000101 ( 387)                 AND   R3 R0 R5
(311E) 0402  0000010000000010 ( 388)                 BRZ   zero
(311F) 1921  0001100100100001 ( 389)                 ADD   R4 R4 #1
(3120) 1006  0001000000000110 ( 390)                 ADD   R0 R0 R6
(3121) 14BF  0001010010111111 ( 393) zero            ADD   R2 R2 #-1
(3122) 03F8  0000001111111000 ( 395)                 BRP   op_shiftLx
(3123) 1720  0001011100100000 ( 398)                 ADD   R3 R4 #0
(3124) 2404  0010010000000100 ( 399)                 LD    R2 guarlx2
(3125) 2804  0010100000000100 ( 400)                 LD    R4 guarlx4
(3126) 2A04  0010101000000100 ( 401)                 LD    R5 guarlx5
(3127) 2C04  0010110000000100 ( 402)                 LD    R6 guarlx6
(3128) C1C0  1100000111000000 ( 404) zeros           RET   
(3129) 0000  0000000000000000 ( 406) guarlx2         .FILL x0000
(312A) 0000  0000000000000000 ( 407) guarlx4         .FILL x0000
(312B) 0000  0000000000000000 ( 408) guarlx5         .FILL x0000
(312C) 0000  0000000000000000 ( 421) guarlx6         .FILL x0000
(312D) 3029  0011000000101001 ( 421) SHIFTRX         ST    R0 numrx
(312E) 322C  0011001000101100 ( 422)                 ST    R1 timesrx
(312F) 54A0  0101010010100000 ( 423)                 AND   R2 R2 #0
(3130) 56E0  0101011011100000 ( 424)                 AND   R3 R3 #0
(3131) E625  1110011000100101 ( 425)                 LEA   R3 numrx
(3132) 78C1  0111100011000001 ( 426)                 STR   R4 R3 #1
(3133) 7AC2  0111101011000010 ( 427)                 STR   R5 R3 #2
(3134) 7CC3  0111110011000011 ( 428)                 STR   R6 R3 #3
(3135) 5920  0101100100100000 ( 430)                 AND   R4 R4 #0
(3136) 56E0  0101011011100000 ( 431)                 AND   R3 R3 #0
(3137) 2A24  0010101000100100 ( 432)                 LD    R5 mascb1
(3138) 5C05  0101110000000101 ( 436) shiftrx_op      AND   R6 R0 R5
(3139) 0403  0000010000000011 ( 437)                 BRZ   bitmov
(313A) 2B9C  0010101110011100 ( 438)                 LD    R5 mascb12
(313B) 1905  0001100100000101 ( 439)                 ADD   R4 R4 R5
(313C) 2A1F  0010101000011111 ( 440)                 LD    R5 mascb1
(313D) 1620  0001011000100000 ( 441) bitmov          ADD   R3 R0 #0
(313E) 16FF  0001011011111111 ( 442)                 ADD   R3 R3 #-1
(313F) 0C03  0000110000000011 ( 443)                 BRNZ  steprx
(3140) 14A1  0001010010100001 ( 445)                 ADD   R2 R2 #1
(3141) 103E  0001000000111110 ( 446)                 ADD   R0 R0 #-2
(3142) 03FA  0000001111111010 ( 447)                 BRP   bitmov
(3143) 1920  0001100100100000 ( 452) steprx          ADD   R4 R4 #0
(3144) 0404  0000010000000100 ( 453)                 BRZ   carry
(3145) 5DA0  0101110110100000 ( 454)                 AND   R6 R6 #0
(3146) 1DA1  0001110110100001 ( 455) carry_mov       ADD   R6 R6 #1
(3147) 193E  0001100100111110 ( 456)                 ADD   R4 R4 #-2
(3148) 03FD  0000001111111101 ( 457)                 BRP   carry_mov
(3149) 19A0  0001100110100000 ( 459) carry           ADD   R4 R6 #0
(314A) 10A0  0001000010100000 ( 460)                 ADD   R0 R2 #0
(314B) 54A0  0101010010100000 ( 461)                 AND   R2 R2 #0
(314C) 127F  0001001001111111 ( 462)                 ADD   R1 R1 #-1
(314D) 03EA  0000001111101010 ( 463)                 BRP   shiftrx_op
(314E) 220C  0010001000001100 ( 466)                 LD    R1 timesrx
(314F) 1420  0001010000100000 ( 467)                 ADD   R2 R0 #0
(3150) 1720  0001011100100000 ( 468)                 ADD   R3 R4 #0
(3151) 2005  0010000000000101 ( 471)                 LD    R0 numrx
(3152) EC04  1110110000000100 ( 472)                 LEA   R6 numrx
(3153) 6981  0110100110000001 ( 473)                 LDR   R4 R6 #1
(3154) 6B82  0110101110000010 ( 474)                 LDR   R5 R6 #2
(3155) 6D83  0110110110000011 ( 475)                 LDR   R6 R6 #3
(3156) C1C0  1100000111000000 ( 476)                 RET   
(3157) 0000  0000000000000000 ( 480) numrx           .FILL x0000
(3158) 0000  0000000000000000 ( 480)                 .FILL x0000
(3159) 0000  0000000000000000 ( 480)                 .FILL x0000
(315A) 0000  0000000000000000 ( 480)                 .FILL x0000
(315B) 0000  0000000000000000 ( 481) timesrx         .FILL x0000
(315C) 0001  0000000000000001 ( 481) mascb1          .FILL x0001
