(0000) 3000  0011000000000000 (   1)                 .ORIG x3000
(3000) 5020  0101000000100000 (   2)                 AND   R0 R0 #0
(3001) 56E0  0101011011100000 (   3)                 AND   R3 R3 #0
(3002) 5920  0101100100100000 (   4)                 AND   R4 R4 #0
(3003) 5B60  0101101101100000 (   5)                 AND   R5 R5 #0
(3004) 5DA0  0101110110100000 (   6)                 AND   R6 R6 #0
(3005) 2225  0010001000100101 (   8)                 LD    R1 guarx1
(3006) 2425  0010010000100101 (   9)                 LD    R2 guarx2
(3007) 4801  0100100000000001 (  10)                 JSR   mult2x
(3008) F025  1111000000100101 (  11)                 TRAP  x25
(3009) 3E1B  0011111000011011 (  16) mult2x          ST    R7 guarmt21
(300A) 341B  0011010000011011 (  17)                 ST    R2 guarmt22
(300B) 361B  0011011000011011 (  18)                 ST    R3 guarmt23
(300C) 381B  0011100000011011 (  19)                 ST    R4 guarmt24
(300D) 3A1B  0011101000011011 (  20)                 ST    R5 guarmt25
(300E) 56E0  0101011011100000 (  23)                 AND   R3 R3 #0
(300F) 5020  0101000000100000 (  24)                 AND   R0 R0 #0
(3010) 5920  0101100100100000 (  25)                 AND   R4 R4 #0
(3011) 2A1B  0010101000011011 (  26)                 LD    R5 bitmask
(3012) 9D7F  1001110101111111 (  27)                 NOT   R6 R5
(3013) 1DA1  0001110110100001 (  28)                 ADD   R6 R6 #1
(3014) 14A0  0001010010100000 (  31)                 ADD   R2 R2 #0
(3015) 0202  0000001000000010 (  32)                 BRP   mult2x1
(3016) 94BF  1001010010111111 (  33)                 NOT   R2 R2
(3017) 14A1  0001010010100001 (  34)                 ADD   R2 R2 #1
(3018) 1040  0001000001000000 (  36) mult2x1         ADD   R0 R1 R0
(3019) 5805  0101100000000101 (  37)                 AND   R4 R0 R5
(301A) 1906  0001100100000110 (  38)                 ADD   R4 R4 R6
(301B) 0802  0000100000000010 (  39)                 BRN   not_over
(301C) 16E1  0001011011100001 (  40)                 ADD   R3 R3 #1
(301D) 1006  0001000000000110 (  41)                 ADD   R0 R0 R6
(301E) 14BF  0001010010111111 (  44) not_over        ADD   R2 R2 #-1
(301F) 03F8  0000001111111000 (  45)                 BRP   mult2x1
(3020) 2E04  0010111000000100 (  47)                 LD    R7 guarmt21
(3021) 2404  0010010000000100 (  48)                 LD    R2 guarmt22
(3022) 2805  0010100000000101 (  49)                 LD    R4 guarmt24
(3023) 2A05  0010101000000101 (  50)                 LD    R5 guarmt25
(3024) C1C0  1100000111000000 (  51)                 RET   
(3025) 0000  0000000000000000 (  54) guarmt21        .FILL x0000
(3026) 0000  0000000000000000 (  55) guarmt22        .FILL x0000
(3027) 0000  0000000000000000 (  56) guarmt23        .FILL x0000
(3028) 0000  0000000000000000 (  57) guarmt24        .FILL x0000
(3029) 0000  0000000000000000 (  58) guarmt25        .FILL x0000
(302A) 0000  0000000000000000 (  59) guarmt26        .FILL x0000
(302B) 07FF  0000011111111111 (  59) guarx1          .FILL x07FF
(302C) 0002  0000000000000010 (  60) guarx2          .FILL x0002
(302D) 0800  0000100000000000 (  61) bitmask         .FILL x0800
(302E) 3405  0011010000000101 (  68) shiftR          ST    R2 guarshiftx1
(302F) 1036  0001000000110110 (  69) op_shiftrx      ADD   R0 R0 #-10
(3030) 14BF  0001010010111111 (  70)                 ADD   R2 R2 #-1
(3031) 03FD  0000001111111101 (  71)                 BRP   op_shiftrx
(3032) 2401  0010010000000001 (  72)                 LD    R2 guarshiftx1
(3033) C1C0  1100000111000000 (  73)                 RET   
(3034) 0000  0000000000000000 (  77) guarshiftx1     .FILL x0000
